<?xml version="1.0" encoding="UTF-8"?>
<!-- Generated by org.testng.reporters.JUnitXMLReporter -->
<testsuite hostname="DESKTOP-MMFB6CD" ignored="0" name="just check" tests="4" failures="1" timestamp="16 Feb 2021 14:53:37 GMT" time="41.81" errors="0">
  <testcase name="enterusernameAndPassword" time="9.984" classname="FB.FaceBook.LoginPagePassCredentials">
    <skipped/>
  </testcase> <!-- enterusernameAndPassword -->
  <testcase name="enterusernameAndPassword" time="15.003" classname="FB.FaceBook.LoginPagePassCredentials">
    <skipped/>
  </testcase> <!-- enterusernameAndPassword -->
  <testcase name="enterusernameAndPassword" time="7.936" classname="FB.FaceBook.LoginPagePassCredentials">
    <skipped/>
  </testcase> <!-- enterusernameAndPassword -->
  <testcase name="enterusernameAndPassword" time="8.841" classname="FB.FaceBook.LoginPagePassCredentials">
    <failure type="java.lang.NullPointerException">
      <![CDATA[java.lang.NullPointerException
at Resources.Base.getExcelData(Base.java:82)
at FB.FaceBook.LoginPagePassCredentials.enterusernameAndPassword(LoginPagePassCredentials.java:41)
... Removed 25 stack frames]]>
    </failure>
  </testcase> <!-- enterusernameAndPassword -->
</testsuite> <!-- just check -->
